<?xml version='1.0' encoding='utf-8'?>
<testsuite name="doctests" tests="482" failures="0" package="docs"><testcase classname="docs.algorithms/LoadNexusMonitors-v1" name="Ex"/><testcase classname="docs.algorithms/Multiply-v1" name="ExMultiplyAsAlg"/><testcase classname="docs.algorithms/Multiply-v1" name="ExMultiplyAsOpperand"/><testcase classname="docs.algorithms/Multiply-v1" name="ExMultiplyInPlace"/><testcase classname="docs.algorithms/Multiply-v1" name="ExMultiplyWithSingleVal"/><testcase classname="docs.algorithms/SumNeighbours-v1" name="ExSumNeighbours"/><testcase classname="docs.algorithms/SaveNexusProcessed-v1" name="ExSaveNexusProcessedEvent"/><testcase classname="docs.algorithms/SaveNexusProcessed-v1" name="ExSaveNexusProcessedOptions"/><testcase classname="docs.algorithms/SaveNexusProcessed-v1" name="ExSaveNexusProcessedSimple"/><testcase classname="docs.algorithms/Rebin2D-v1" name="ExTranspose"/><testcase classname="docs.algorithms/Rebin2D-v1" name="ExUseFractionalArea"/><testcase classname="docs.algorithms/LoadMask-v1" name="DoIt"/><testcase classname="docs.algorithms/ProjectMD-v1" name="ProjectMD"/><testcase classname="docs.algorithms/PoissonErrors-v1" name="ExPoissonSimple"/><testcase classname="docs.algorithms/RotateInstrumentComponent-v1" name="ExBank"/><testcase classname="docs.algorithms/RotateInstrumentComponent-v1" name="ExDet"/><testcase classname="docs.algorithms/PlotAsymmetryByLogValue-v1" name="ExCustomGrouping"/><testcase classname="docs.algorithms/PlotAsymmetryByLogValue-v1" name="ExDeadTimeCorrection"/><testcase classname="docs.algorithms/PlotAsymmetryByLogValue-v1" name="ExRedGreen"/><testcase classname="docs.algorithms/PlotAsymmetryByLogValue-v1" name="ExSimple"/><testcase classname="docs.algorithms/AnvredCorrection-v1" name="AnvredCorrection"/><testcase classname="docs.algorithms/SofQW2-v1" name="SofQW2"/><testcase classname="docs.algorithms/IntegratePeaksUsingClusters-v1" name="IntegratePeaksUsingClustersExample"/><testcase classname="docs.algorithms/CopyInstrumentParameters-v1" name="ExCopyInstrumentParametersSimple"/><testcase classname="docs.algorithms/ConjoinWorkspaces-v1" name="ConjoinWorkspacesEx"/><testcase classname="docs.algorithms/MaskBTP-v1" name="MaskBTP"/><testcase classname="docs.algorithms/UnwrapMonitor-v1" name="UnwrapMonitor"/><testcase classname="docs.algorithms/GeneratePythonScript-v1" name="ExGeneratePythonScriptFile"/><testcase classname="docs.algorithms/GeneratePythonScript-v1" name="ExGeneratePythonScriptSimple"/><testcase classname="docs.algorithms/DetectorEfficiencyCor-v1" name="ExDetectorEfficiencyCorr"/><testcase classname="docs.algorithms/SANSWideAngleCorrection-v1" name="ExCorrection"/><testcase classname="docs.algorithms/SaveReflTBL-v1" name="ExReflTBLSimple"/><testcase classname="docs.algorithms/NormaliseVanadium-v1" name="NormaliseVanadium"/><testcase classname="docs.algorithms/DensityOfStates-v1" name="ExDensityOfStatesPartial"/><testcase classname="docs.algorithms/DensityOfStates-v1" name="ExDensityOfStatesPartialSummed"/><testcase classname="docs.algorithms/DensityOfStates-v1" name="ExDensityOfStatesSimple"/><testcase classname="docs.algorithms/LoadIsawUB-v1" name="LoadIsawUB"/><testcase classname="docs.algorithms/AppendSpectra-v1" name="ExAppendSpectra"/><testcase classname="docs.algorithms/BinaryOperateMasks-v1" name="BinaryOperateMasksExample"/><testcase classname="docs.algorithms/MaxMin-v1" name="ExMaxMinForMax"/><testcase classname="docs.algorithms/MaxMin-v1" name="ExMaxMinForMin"/><testcase classname="docs.algorithms/SaveANSTOAscii-v1" name="ExANSTOSimple"/><testcase classname="docs.algorithms/UnwrapSNS-v1" name="ExUnwrapSNS"/><testcase classname="docs.algorithms/MaskDetectors-v1" name="ExMaskIDs"/><testcase classname="docs.algorithms/MaskDetectors-v1" name="ExMaskMask"/><testcase classname="docs.algorithms/MaskDetectors-v1" name="ExMaskSpec"/><testcase classname="docs.algorithms/MaskDetectors-v1" name="ExMaskWI"/><testcase classname="docs.algorithms/HFIRLoad-v1" name="ExHfirLoad"/><testcase classname="docs.algorithms/WeightedMean-v1" name="ExWMSimple"/><testcase classname="docs.algorithms/CreateEmptyTableWorkspace-v1" name="ExTable"/><testcase classname="docs.algorithms/CreateLogPropertyTable-v1" name="CreateLogPropertyTable"/><testcase classname="docs.algorithms/Fit-v1" name="ExFitPeak"/><testcase classname="docs.algorithms/SaveGSASInstrumentFile-v1" name="ExHistSimple"/><testcase classname="docs.algorithms/AddLogDerivative-v1" name="AddLogDerivative"/><testcase classname="docs.algorithms/SelectCellOfType-v1" name="ExSelectCellOfType"/><testcase classname="docs.algorithms/Scale-v1" name="ExOffsetScale"/><testcase classname="docs.algorithms/Scale-v1" name="ExOffsetScale"/><testcase classname="docs.algorithms/CalMuonDeadTime-v1" name="CalMuonDeadTime"/><testcase classname="docs.algorithms/DefineGaugeVolume-v1" name="ExSimpleSpereWithCuboidGuage"/><testcase classname="docs.algorithms/LoadMappingTable-v1" name="default"/><testcase classname="docs.concepts/Properties_File" name="properties"/><testcase classname="docs.algorithms/CreateGroupingWorkspace-v1" name="ExCreateGroupingWorkspaceFromIDF"/><testcase classname="docs.algorithms/CreateGroupingWorkspace-v1" name="ExCreateGroupingWorkspaceFromWorkspace"/><testcase classname="docs.algorithms/CreateGroupingWorkspace-v1" name="ExCreateGroupingWorkspaceSimple"/><testcase classname="docs.algorithms/LoadSassena-v1" name="Ex"/><testcase classname="docs.algorithms/ConvertSpectrumAxis-v2" name="default"/><testcase classname="docs.algorithms/ConvertSpectrumAxis-v2" name="default"/><testcase classname="docs.algorithms/SliceMDHisto-v1" name="MDHistoSlice"/><testcase classname="docs.algorithms/CreateTransmissionWorkspaceAuto-v1" name="ExCreateTransWSAutoOverload"/><testcase classname="docs.algorithms/CreateTransmissionWorkspaceAuto-v1" name="ExCreateTransWSAutoSimple"/><testcase classname="docs.algorithms/CreateTransmissionWorkspaceAuto-v1" name="ExCreateTransWSAutoTwo"/><testcase classname="docs.algorithms/LoadIsawDetCal-v1" name="LoadIsawDetCal"/><testcase classname="docs.algorithms/CropWorkspace-v1" name="ExCropWorkspace"/><testcase classname="docs.algorithms/SaveRKH-v1" name="ExSimpleSavingRoundtrip"/><testcase classname="docs.algorithms/CheckWorkspacesMatch-v1" name="ExCheckWorkspacesMatchSimple"/><testcase classname="docs.algorithms/CheckWorkspacesMatch-v1" name="ExCheckWorkspacesMatchTolerance"/><testcase classname="docs.algorithms/LoadRawSpectrum0-v1" name="raw"/><testcase classname="docs.algorithms/PeaksOnSurface-v1" name="PeaksOnSurfaceExample"/><testcase classname="docs.algorithms/DgsReduction-v1" name="CorrectSnsEx"/><testcase classname="docs.algorithms/DgsReduction-v1" name="EventSnsEx"/><testcase classname="docs.algorithms/DgsReduction-v1" name="SimpleIsisEx"/><testcase classname="docs.algorithms/DgsReduction-v1" name="SimpleSnsEx"/><testcase classname="docs.algorithms/ExponentialCorrection-v1" name="ExponentialCorrection"/><testcase classname="docs.algorithms/SplineBackground-v1" name="ExampleSpline"/><testcase classname="docs.algorithms/CalculateFlatBackground-v1" name="ExReturnMean"/><testcase classname="docs.algorithms/CalculateFlatBackground-v1" name="ExSubLinFit"/><testcase classname="docs.algorithms/InterpolatingRebin-v1" name="default"/><testcase classname="docs.algorithms/MoveInstrumentComponent-v1" name="ExByID"/><testcase classname="docs.algorithms/MoveInstrumentComponent-v1" name="ExByName"/><testcase classname="docs.algorithms/GetEi-v2" name="ExIsis"/><testcase classname="docs.algorithms/GetEi-v2" name="ExSns"/><testcase classname="docs.algorithms/GetEi-v2" name="fixEi"/><testcase classname="docs.algorithms/SuggestTibCNCS-v1" name="ExSuggestTibCNCS"/><testcase classname="docs.algorithms/SortPeaksWorkspace-v1" name="ExSortPeaksWorkspaceSimple"/><testcase classname="docs.algorithms/MuonCalculateAsymmetry-v1" name="ExGroupAsymmetryMultiperiod"/><testcase classname="docs.algorithms/MuonCalculateAsymmetry-v1" name="ExPairAsymmetry"/><testcase classname="docs.algorithms/LoadMultipleGSS-v1" name="LoadMultipleGSS"/><testcase classname="docs.algorithms/FindCenterOfMassPosition-v2" name="ExBeamCenter"/><testcase classname="docs.algorithms/CreateCalFileByNames-v1" name="ExCreateCalFileByNamesSimple"/><testcase classname="docs.algorithms/ExportSampleLogsToCSVFile-v1" name="ExExportSampleToTSV"/><testcase classname="docs.algorithms/ChangeBinOffset-v1" name="ExOffset"/><testcase classname="docs.algorithms/FilterByXValue-v1" name="ExFilterTofByMax"/><testcase classname="docs.algorithms/FilterByXValue-v1" name="ExFilterWavelengthByMinMax"/><testcase classname="docs.algorithms/SaveDetectorsGrouping-v1" name="ExMUSRGrouping"/><testcase classname="docs.algorithms/ApplyDetailedBalance-v1" name="ExApplyDetailedBalanceSimple"/><testcase classname="docs.algorithms/SliceMD-v1" name="SliceMDExample"/><testcase classname="docs.algorithms/SliceMD-v1" name="SliceMDExampleComplex"/><testcase classname="docs.algorithms/SolidAngle-v1" name="solidAngle"/><testcase classname="docs.algorithms/Symmetrise-v1" name="ExSymmetriseSimple"/><testcase classname="docs.algorithms/ConvertToMD-v1" name="ExConvertToMDNoQ"/><testcase classname="docs.algorithms/ConvertToMD-v1" name="ExConvertToMDQ3D"/><testcase classname="docs.algorithms/ConvertToMD-v1" name="ExConvertToMD|Q|T"/><testcase classname="docs.algorithms/FitPeak-v1" name="ExFitPeak"/><testcase classname="docs.algorithms/SaveDspacemap-v1" name="ExSavePG3Dmap"/><testcase classname="docs.algorithms/FilterBadPulses-v1" name="Filter"/><testcase classname="docs.algorithms/DakotaChiSquared-v1" name="DakotaChiSquared"/><testcase classname="docs.algorithms/SphericalAbsorption-v1" name="ExSphericalAbsorption"/><testcase classname="docs.algorithms/FindUBUsingMinMaxD-v1" name="ExFindUBUsingMinMaxD"/><testcase classname="docs.algorithms/InvertMask-v1" name="ExInvertPG3"/><testcase classname="docs.algorithms/LoadVulcanCalFile-v1" name="LoadVulcanCalFile"/><testcase classname="docs.algorithms/SmoothNeighbours-v1" name="ExAdj"/><testcase classname="docs.algorithms/SmoothNeighbours-v1" name="ExRadius"/><testcase classname="docs.algorithms/SmoothNeighbours-v1" name="ExSum"/><testcase classname="docs.algorithms/ConvertTableToMatrixWorkspace-v1" name="ExConvertTabletoMatrix"/><testcase classname="docs.algorithms/ShiftLogTime-v1" name="ShiftLogTime"/><testcase classname="docs.algorithms/AsymmetryCalc-v1" name="ExSimple"/><testcase classname="docs.algorithms/RayTracerTester-v1" name="Ex1"/><testcase classname="docs.algorithms/CorrectKiKf-v1" name="CorrectKiKf"/><testcase classname="docs.algorithms/ExtractSingleSpectrum-v1" name="ExExtractSingleSpectrum"/><testcase classname="docs.algorithms/ChangeLogTime-v1" name="ChangeLogTime"/><testcase classname="docs.algorithms/FindUBUsingIndexedPeaks-v1" name="ExFindUBUsingIndexedPeaks"/><testcase classname="docs.algorithms/FindDetectorsPar-v1" name="ExDpolDazi"/><testcase classname="docs.algorithms/FindDetectorsPar-v1" name="ExDxDy"/><testcase classname="docs.algorithms/Min-v1" name="Min"/><testcase classname="docs.algorithms/ApplyCalibration-v1" name="ExApplyCalibSimple"/><testcase classname="docs.algorithms/Transpose-v1" name="Ex"/><testcase classname="docs.algorithms/SANSBeamFluxCorrection-v1" name="ExTable"/><testcase classname="docs.algorithms/SaveNXSPE-v1" name="ExSimpleSavingRoundtrip"/><testcase classname="docs.algorithms/LoadDetectorsGroupingFile-v1" name="LoadDetectorsGroupingFile"/><testcase classname="docs.algorithms/SaveNISTDAT-v1" name="ExSaveRoundtrip"/><testcase classname="docs.algorithms/OSIRISDiffractionReduction-v1" name="ExOSIRISDiffractionReductionSimple"/><testcase classname="docs.algorithms/SelectCellWithForm-v1" name="ExSelectCellWithForm"/><testcase classname="docs.algorithms/PlotPeakByLogValue-v1" name="ExPlotPeakByLogValueSeq"/><testcase classname="docs.algorithms/PlotPeakByLogValue-v1" name="ExPlotPeakByLogValueSimple"/><testcase classname="docs.algorithms/DeleteTableRows-v1" name="ExDeteleTableRows"/><testcase classname="docs.algorithms/LoadHKL-v1" name="ExLoadHKL"/><testcase classname="docs.algorithms/MergeMD-v1" name="ExMergeMD"/><testcase classname="docs.algorithms/FindSXPeaks-v1" name="ExFindSXPeaksSimple"/><testcase classname="docs.algorithms/DeleteWorkspace-v1" name="default"/><testcase classname="docs.algorithms/DeleteWorkspace-v1" name="default"/><testcase classname="docs.algorithms/Plus-v1" name="ExPlusAsAlg"/><testcase classname="docs.algorithms/Plus-v1" name="ExPlusAsOpperand"/><testcase classname="docs.algorithms/Plus-v1" name="ExPlusInPlace"/><testcase classname="docs.algorithms/Plus-v1" name="ExPlusWithSingleVal"/><testcase classname="docs.algorithms/WeightedMeanOfWorkspace-v1" name="ExWorkspace"/><testcase classname="docs.algorithms/ReflectometryReductionOneAuto-v1" name="ExReflRedOneAutoOverload"/><testcase classname="docs.algorithms/ReflectometryReductionOneAuto-v1" name="ExReflRedOneAutoSimple"/><testcase classname="docs.algorithms/ReflectometryReductionOneAuto-v1" name="ExReflRedOneAutoTrans"/><testcase classname="docs.algorithms/MuonGroupDetectors-v1" name="ExGroupMUSR"/><testcase classname="docs.algorithms/MuonGroupDetectors-v1" name="ExGroupingFromNexus"/><testcase classname="docs.algorithms/LoadISISNexus-v2" name="ExLoadEntryNumber"/><testcase classname="docs.algorithms/LoadISISNexus-v2" name="ExLoadISISnexus"/><testcase classname="docs.algorithms/LoadISISNexus-v2" name="ExLoadSpectrumMinMax"/><testcase classname="docs.algorithms/ConvertToYSpace-v1" name="ExConvetToYSp"/><testcase classname="docs.algorithms/GroupDetectors-v2" name="ExDet"/><testcase classname="docs.algorithms/GroupDetectors-v2" name="ExGroupDetectorsWithMap"/><testcase classname="docs.algorithms/GroupDetectors-v2" name="ExGroupDetectorsWithSpectra"/><testcase classname="docs.algorithms/GroupDetectors-v2" name="ExKeep"/><testcase classname="docs.algorithms/GroupDetectors-v2" name="ExMapFile"/><testcase classname="docs.algorithms/GroupDetectors-v2" name="ExSpectra"/><testcase classname="docs.algorithms/GroupDetectors-v2" name="ExWii"/><testcase classname="docs.algorithms/LoadInstrumentFromRaw-v1" name="Ex"/><testcase classname="docs.algorithms/GroupDetectors-v1" name="ExDet"/><testcase classname="docs.algorithms/GroupDetectors-v1" name="ExSpectra"/><testcase classname="docs.algorithms/GroupDetectors-v1" name="ExWii"/><testcase classname="docs.algorithms/MonteCarloAbsorption-v1" name="ExMonteSimpleSample"/><testcase classname="docs.algorithms/FakeMDEventData-v1" name="Peaks3dEx"/><testcase classname="docs.algorithms/FakeMDEventData-v1" name="Peaks4dEx"/><testcase classname="docs.algorithms/FakeMDEventData-v1" name="Uniform2dEx"/><testcase classname="docs.algorithms/SaveZODS-v1" name="SaveZODSEx"/><testcase classname="docs.algorithms/Exponential-v1" name="default"/><testcase classname="docs.algorithms/SaveParameterFile-v1" name="default"/><testcase classname="docs.algorithms/EstimatePDDetectorResolution-v1" name="ExHistSimple"/><testcase classname="docs.algorithms/IntegrateByComponent-v1" name="IntegrateByComponent"/><testcase classname="docs.algorithms/LoadDspacemap-v1" name="Ex"/><testcase classname="docs.algorithms/LoadLogPropertyTable-v1" name="Exlogtable"/><testcase classname="docs.algorithms/LoadLog-v1" name="ExLoadLogSimple"/><testcase classname="docs.algorithms/ImportMDHistoWorkspace-v1" name="Ex2D"/><testcase classname="docs.algorithms/ImportMDHistoWorkspace-v1" name="Ex3D"/><testcase classname="docs.algorithms/SpecularReflectionPositionCorrect-v1" name="SpecularReflectionPositionCorrectExample"/><testcase classname="docs.algorithms/SumEventsByLogValue-v1" name="Single-Spectrum"/><testcase classname="docs.algorithms/He3TubeEfficiency-v1" name="ExSampleWorkspace"/><testcase classname="docs.algorithms/Integration-v1" name="default"/><testcase classname="docs.algorithms/MergeCalFiles-v1" name="append"/><testcase classname="docs.algorithms/MergeCalFiles-v1" name="merge"/><testcase classname="docs.algorithms/PolynomialCorrection-v1" name="default"/><testcase classname="docs.algorithms/PolynomialCorrection-v1" name="default"/><testcase classname="docs.algorithms/FindDeadDetectors-v1" name="FindVariousDeadDets"/><testcase classname="docs.algorithms/HasUB-v1" name="ExHasUB"/><testcase classname="docs.algorithms/ApplyDeadTimeCorr-v1" name="ExCustomDeadTimes"/><testcase classname="docs.algorithms/ApplyDeadTimeCorr-v1" name="ExLoadedDeadTimes"/><testcase classname="docs.algorithms/DiffractionFocussing-v2" name="ExEventFocussing"/><testcase classname="docs.algorithms/DiffractionFocussing-v2" name="ExHRPDFocussing"/><testcase classname="docs.algorithms/CreatePeaksWorkspace-v1" name="ExEmptyTable"/><testcase classname="docs.algorithms/CreatePeaksWorkspace-v1" name="ExTableWithRows"/><testcase classname="docs.algorithms/SaveFocusedXYE-v1" name="ExSaveFocusedXYEOptions"/><testcase classname="docs.algorithms/SaveFocusedXYE-v1" name="ExSaveFocusedXYESimple"/><testcase classname="docs.algorithms/ConvertSnsRoiFileToMask-v1" name="Ex"/><testcase classname="docs.algorithms/IdentifyNoisyDetectors-v1" name="ExClearRun"/><testcase classname="docs.algorithms/IdentifyNoisyDetectors-v1" name="ExNoisy"/><testcase classname="docs.algorithms/ConvertAxisByFormula-v1" name="ExDoubleYAxis"/><testcase classname="docs.algorithms/ConvertAxisByFormula-v1" name="ExSquareXAxis"/><testcase classname="docs.algorithms/FilterByLogValue-v1" name="FilterByLogValue"/><testcase classname="docs.algorithms/FilterByLogValue-v1" name="VetoPulseTime"/><testcase classname="docs.algorithms/SetInstrumentParameter-v1" name="Ex1"/><testcase classname="docs.algorithms/SetInstrumentParameter-v1" name="Ex2"/><testcase classname="docs.algorithms/MaskWorkspaceToCalFile-v1" name="default"/><testcase classname="docs.algorithms/PeaksInRegion-v1" name="PeaksInRegionExample"/><testcase classname="docs.algorithms/CompressEvents-v1" name="CompressEvents"/><testcase classname="docs.algorithms/AddSampleLog-v1" name="AddSampleLogExample"/><testcase classname="docs.algorithms/ViewBOA-v1" name="ViewBOAEx"/><testcase classname="docs.algorithms/RemoveWorkspaceHistory-v1" name="ExStripHistory"/><testcase classname="docs.algorithms/LoadRawBin0-v1" name="Ex"/><testcase classname="docs.algorithms/UpdateInstrumentFromFile-v1" name="exUpdateInstrumentFromFile"/><testcase classname="docs.algorithms/PowerLawCorrection-v1" name="Ex1"/><testcase classname="docs.algorithms/OptimizeCrystalPlacement-v1" name="ExOptimizeCrystalPlacement"/><testcase classname="docs.algorithms/SpecularReflectionCalculateTheta-v1" name="SpecularReflectionCalculateThetaPointDetectorExample"/><testcase classname="docs.algorithms/DiffractionEventCalibrateDetectors-v1" name="ExDiffractionEventCalibrateDetectors"/><testcase classname="docs.algorithms/Load-v1" name="ExLoadEventNexus"/><testcase classname="docs.algorithms/Load-v1" name="ExLoadISISMuon"/><testcase classname="docs.algorithms/Load-v1" name="ExLoadISISnexusHist"/><testcase classname="docs.algorithms/Load-v1" name="ExLoadNexusProcessedWithLoad"/><testcase classname="docs.algorithms/LoadRaw-v3" name="ExLoadDataDefaults"/><testcase classname="docs.algorithms/LoadRaw-v3" name="ExLoadDataNoLogs"/><testcase classname="docs.algorithms/LoadRaw-v3" name="ExLoadDataNoMonitors"/><testcase classname="docs.algorithms/LoadRaw-v3" name="ExLoadDataSepMonitors"/><testcase classname="docs.algorithms/LoadIsawSpectrum-v1" name="LoadIsawSpectrum"/><testcase classname="docs.algorithms/CreateChunkingFromInstrument-v1" name="ExPowgen"/><testcase classname="docs.algorithms/CreateChunkingFromInstrument-v1" name="ExSnap"/><testcase classname="docs.algorithms/AlignDetectors-v1" name="ExAlignDetectors"/><testcase classname="docs.algorithms/GroupWorkspaces-v1" name="default"/><testcase classname="docs.algorithms/RemoveLogs-v1" name="RemoveLogs"/><testcase classname="docs.algorithms/SaveMD-v1" name="DoIt"/><testcase classname="docs.algorithms/LoadSampleDetailsFromRaw-v1" name="ExLoadDetails"/><testcase classname="docs.algorithms/Max-v1" name="default"/><testcase classname="docs.algorithms/LoadFlexiNexus-v1" name="LoadAmor"/><testcase classname="docs.algorithms/MaskDetectorsInShape-v1" name="default"/><testcase classname="docs.algorithms/SofQWMoments-v1" name="ExSofQWMomentsSimple"/><testcase classname="docs.algorithms/SassenaFFT-v1" name="Ex"/><testcase classname="docs.algorithms/LoadInstrumentFromNexus-v1" name="ExLoadMUSR"/><testcase classname="docs.algorithms/CheckForSampleLogs-v1" name="CheckForSampleLogs"/><testcase classname="docs.algorithms/PoldiPeakSearch-v1" name="ExSiliconPeakSearch"/><testcase classname="docs.algorithms/DetectorEfficiencyVariation-v1" name="ExDetEffVariation"/><testcase classname="docs.algorithms/CreateSampleShape-v1" name="BallwithHole"/><testcase classname="docs.algorithms/CreateSampleShape-v1" name="Sphere"/><testcase classname="docs.algorithms/CreateLogTimeCorrection-v1" name="ExHistSimple"/><testcase classname="docs.algorithms/GetEiT0atSNS-v1" name="GetEiT0atSNS"/><testcase classname="docs.algorithms/IntegratePeaksHybrid-v1" name="IntegratePeaksUsingClustersExample"/><testcase classname="docs.algorithms/FindCenterOfMassPosition-v1" name="ExBeamCenter"/><testcase classname="docs.algorithms/LoadCalFile-v1" name="ExInstrumentBase"/><testcase classname="docs.algorithms/FilterLogByTime-v1" name="Filter"/><testcase classname="docs.algorithms/GenerateGroupingSNSInelastic-v1" name="GenerateGroupingSNSInelastic"/><testcase classname="docs.algorithms/FFTDerivative-v1" name="ExFFTDerivOrderCheck2Ways"/><testcase classname="docs.algorithms/FFTDerivative-v1" name="ExFFTDerivOrders"/><testcase classname="docs.algorithms/CalculateGammaBackground-v1" name="default"/><testcase classname="docs.algorithms/CalculateGammaBackground-v1" name="default"/><testcase classname="docs.algorithms/LoadNexusLogs-v1" name="Ex"/><testcase classname="docs.algorithms/OneMinusExponentialCor-v1" name="ExOneMinusExp"/><testcase classname="docs.algorithms/SplineSmoothing-v1" name="SmoothNoisy"/><testcase classname="docs.algorithms/Rebunch-v1" name="default"/><testcase classname="docs.algorithms/MultipleScatteringCylinderAbsorption-v1" name="ExMultipleScatteringCylinderAbsorption"/><testcase classname="docs.algorithms/SmoothData-v1" name="default"/><testcase classname="docs.algorithms/SmoothData-v1" name="default"/><testcase classname="docs.algorithms/GeneratePeaks-v1" name="GeneratePeakFromArray"/><testcase classname="docs.algorithms/GeneratePeaks-v1" name="GeneratePeakFromTable"/><testcase classname="docs.algorithms/AbsorptionCorrection-v1" name="ExSimpleSpere"/><testcase classname="docs.algorithms/Divide-v1" name="ExDivideAsAlg"/><testcase classname="docs.algorithms/Divide-v1" name="ExDivideAsOpperand"/><testcase classname="docs.algorithms/Divide-v1" name="ExDivideInPlace"/><testcase classname="docs.algorithms/Divide-v1" name="ExDivideWithSingleVal"/><testcase classname="docs.algorithms/EnginXFitPeaks-v1" name="ExTwoPeaks"/><testcase classname="docs.algorithms/FFTSmooth-v2" name="ExFFTSmoothButterworth"/><testcase classname="docs.algorithms/FFTSmooth-v2" name="ExFFTSmoothZeroing"/><testcase classname="docs.algorithms/FFTSmooth-v2" name="default"/><testcase classname="docs.algorithms/FFTSmooth-v1" name="ExFFTSmoothZeroing"/><testcase classname="docs.algorithms/MergeLogs-v1" name="ExMerge2Logs"/><testcase classname="docs.algorithms/IndirectILLReduction-v1" name="ExIndirectILLReduction"/><testcase classname="docs.algorithms/IndirectILLReduction-v1" name="ExIndirectILLReductionMirrorMode"/><testcase classname="docs.algorithms/RemovePromptPulse-v1" name="RemovePromptPulse"/><testcase classname="docs.algorithms/SuggestTibHYSPEC-v1" name="ExSuggestTibHYSPEC"/><testcase classname="docs.algorithms/SaveFullprofResolution-v1" name="ExSaveIrf"/><testcase classname="docs.algorithms/PoldiFitPeaks1D-v1" name="ExSiliconPeakFit"/><testcase classname="docs.algorithms/HRPDSlabCanAbsorption-v1" name="ExSimpleHRPDSlab"/><testcase classname="docs.algorithms/IndirectTransmission-v1" name="ExIndirectTransmissionParams"/><testcase classname="docs.algorithms/IndirectTransmission-v1" name="ExIndirectTransmissionSimple"/><testcase classname="docs.algorithms/SavePAR-v1" name="exSavePAR"/><testcase classname="docs.algorithms/DetectorEfficiencyCorUser-v1" name="Ex1"/><testcase classname="docs.algorithms/CalculateEfficiency-v1" name="ExEff"/><testcase classname="docs.algorithms/AlphaCalc-v1" name="ExReversed"/><testcase classname="docs.algorithms/AlphaCalc-v1" name="ExSimple"/><testcase classname="docs.algorithms/IQTransform-v1" name="ExGeneral"/><testcase classname="docs.algorithms/IQTransform-v1" name="ExZimm"/><testcase classname="docs.algorithms/IQTransform-v1" name="ExZimmBg"/><testcase classname="docs.algorithms/LoadInstrument-v1" name="exLoadInstrument"/><testcase classname="docs.algorithms/MergeRuns-v1" name="ExWs"/><testcase classname="docs.algorithms/MergeRuns-v1" name="ExWsGroup"/><testcase classname="docs.algorithms/ShowPossibleCells-v1" name="ExShowPossibleCells"/><testcase classname="docs.algorithms/CalculatePeaksHKL-v1" name="CalculatePeaksHKLExample"/><testcase classname="docs.algorithms/ExportTimeSeriesLog-v1" name="ExExpTempEvent"/><testcase classname="docs.algorithms/ExportTimeSeriesLog-v1" name="ExExpTempWS2D"/><testcase classname="docs.algorithms/ConvertToDiffractionMDWorkspace-v1" name="ExConvertToDiffractionMDWorkspace"/><testcase classname="docs.algorithms/ExportExperimentLog-v1" name="ExExportExpLogs"/><testcase classname="docs.algorithms/CopySample-v1" name="CopySample"/><testcase classname="docs.algorithms/CreateSingleValuedWorkspace-v1" name="default"/><testcase classname="docs.algorithms/CreateSingleValuedWorkspace-v1" name="default"/><testcase classname="docs.algorithms/SetUB-v1" name="SetUB"/><testcase classname="docs.algorithms/MultiplyRange-v1" name="default"/><testcase classname="docs.algorithms/NormaliseByDetector-v1" name="ExLinear"/><testcase classname="docs.algorithms/CuboidGaugeVolumeAbsorption-v1" name="ExCuboidGuageSimpleSpere"/><testcase classname="docs.algorithms/RemoveBins-v1" name="ExRemoveBinsSimple"/><testcase classname="docs.algorithms/GenerateGroupingPowder-v1" name="GenerateGroupingPowder"/><testcase classname="docs.algorithms/ExtractMaskToTable-v1" name="ExHistSimple"/><testcase classname="docs.algorithms/ExtractMaskToTable-v1" name="ExOptTable"/><testcase classname="docs.algorithms/Stitch1DMany-v1" name="ExStitch1DManySimple"/><testcase classname="docs.algorithms/Stitch1DMany-v1" name="ExStitch1DPractical"/><testcase classname="docs.algorithms/ImportMDEventWorkspace-v1" name="ExMdEvents"/><testcase classname="docs.algorithms/ImportMDEventWorkspace-v1" name="ExMdLeanEvents"/><testcase classname="docs.algorithms/Logarithm-v1" name="ExLogarithm"/><testcase classname="docs.algorithms/OptimizeLatticeForCellType-v1" name="ExOptimizeForCellType"/><testcase classname="docs.algorithms/ModifyDetectorDotDatFile-v1" name="ExModifyDotDatFileSimple"/><testcase classname="docs.algorithms/SaveLauenorm-v1" name="ExSaveLauenormOptions"/><testcase classname="docs.algorithms/SaveLauenorm-v1" name="ExSaveLauenormSimple"/><testcase classname="docs.algorithms/SplineInterpolation-v1" name="ExSplineInterpolationDeriv"/><testcase classname="docs.algorithms/SplineInterpolation-v1" name="ExSplineInterpolationSimple"/><testcase classname="docs.algorithms/SumRowColumn-v1" name="ExSumRowColumnSimple"/><testcase classname="docs.algorithms/SaveGSS-v1" name="ExSaveGSSOptions"/><testcase classname="docs.algorithms/SaveGSS-v1" name="ExSaveGSSSimple"/><testcase classname="docs.algorithms/ConvertSpectrumAxis-v1" name="default"/><testcase classname="docs.algorithms/InvertMDDim-v1" name="InvertMDExample"/><testcase classname="docs.algorithms/FindReflectometryLines-v1" name="ExFindReflectometryLines"/><testcase classname="docs.algorithms/FindDetectorsInShape-v1" name="ExDetectorCapture"/><testcase classname="docs.algorithms/SignalOverError-v1" name="AddLogDerivative"/><testcase classname="docs.algorithms/RebinByPulseTimes-v1" name="RebinByPulseTimesExample"/><testcase classname="docs.algorithms/SavePlot1D-v1" name="SavePlot1D"/><testcase classname="docs.algorithms/LoadFullprofFile-v1" name="ExLoadIrf"/><testcase classname="docs.algorithms/LoadFullprofFile-v1" name="ExLoadPrf"/><testcase classname="docs.algorithms/SortHKL-v1" name="ExSortHKLOption"/><testcase classname="docs.algorithms/ConvertToMDMinMaxLocal-v1" name="ExConvertToMDMinMaxLocalCopyToMD"/><testcase classname="docs.algorithms/ConvertToMDMinMaxLocal-v1" name="ExConvertToMDMinMaxLocalQ"/><testcase classname="docs.algorithms/ConvertToMDMinMaxLocal-v1" name="ExConvertToMDMinMaxLocalQ3D"/><testcase classname="docs.algorithms/ElasticWindow-v1" name="default"/><testcase classname="docs.algorithms/SofQW-v1" name="SofQW"/><testcase classname="docs.algorithms/FindDetectorsOutsideLimits-v1" name="ExFindDetsOutsideLimits"/><testcase classname="docs.algorithms/LoadIDFFromNexus-v1" name="ExLoadIDFFromnNexusSimple"/><testcase classname="docs.algorithms/ConvertToMDMinMaxGlobal-v1" name="ExConvertToMDMinMaxGlobalCopyToMD"/><testcase classname="docs.algorithms/ConvertToMDMinMaxGlobal-v1" name="ExConvertToMDMinMaxGlobalQ"/><testcase classname="docs.algorithms/ConvertToMDMinMaxGlobal-v1" name="ExConvertToMDMinMaxGlobalQ3D"/><testcase classname="docs.algorithms/PoldiCalculateSpectrum2D-v1" name="ExSilicon2D"/><testcase classname="docs.algorithms/LoadMuonLog-v1" name="Ex"/><testcase classname="docs.algorithms/ExtractMask-v1" name="ExExtractMask"/><testcase classname="docs.algorithms/FindUBUsingLatticeParameters-v1" name="ExFindUBUsingLatticeParameters"/><testcase classname="docs.algorithms/SpatialGrouping-v1" name="Ex"/><testcase classname="docs.algorithms/PoldiTruncateData-v1" name="PoldiTruncateDataCrop"/><testcase classname="docs.algorithms/PoldiTruncateData-v1" name="PoldiTruncateDataExtra"/><testcase classname="docs.algorithms/FlatPlateAbsorption-v1" name="ExSimpleSpere"/><testcase classname="docs.algorithms/RemoveExpDecay-v1" name="ExSimple"/><testcase classname="docs.algorithms/SaveCSV-v1" name="default"/><testcase classname="docs.algorithms/RenameWorkspaces-v1" name="ExNewNames"/><testcase classname="docs.algorithms/RenameWorkspaces-v1" name="ExPrefixAndSuffix"/><testcase classname="docs.algorithms/ConvertMDHistoToMatrixWorkspace-v1" name="ExHasUB"/><testcase classname="docs.algorithms/Stitch1D-v3" name="ExStitch1DPractical"/><testcase classname="docs.algorithms/Stitch1D-v3" name="ExStitch1DSimple"/><testcase classname="docs.algorithms/LoadSINQ-v1" name="ExLoadSINQPOLDI"/><testcase classname="docs.algorithms/CylinderAbsorption-v1" name="XSectionValues"/><testcase classname="docs.algorithms/CylinderAbsorption-v1" name="XSectionValues"/><testcase classname="docs.algorithms/SumSpectra-v1" name="ExSumSpectraListOfIndicies"/><testcase classname="docs.algorithms/SumSpectra-v1" name="ExSumSpectraSimple"/><testcase classname="docs.algorithms/SumSpectra-v1" name="ExSumSpectraStartEnd"/><testcase classname="docs.algorithms/SumSpectra-v1" name="ExSumSpectraWeighted"/><testcase classname="docs.algorithms/ConvertUnits-v1" name="ExConvertUnits"/><testcase classname="docs.algorithms/CreatePSDBleedMask-v1" name="ExPSDMask"/><testcase classname="docs.algorithms/LoadNexus-v1" name="ExLoadISISMuon"/><testcase classname="docs.algorithms/LoadNexus-v1" name="ExLoadISISnexus"/><testcase classname="docs.algorithms/LoadNexus-v1" name="ExLoadNexusProcessedWithLoadNexus"/><testcase classname="docs.algorithms/CreateLeBailFitInput-v1" name="ExCreateLBInputs"/><testcase classname="docs.algorithms/RealFFT-v1" name="default"/><testcase classname="docs.algorithms/ConvertToMatrixWorkspace-v1" name="ConvertToMatrixWorkspaceComplexExample"/><testcase classname="docs.algorithms/ConvertToMatrixWorkspace-v1" name="ConvertToMatrixWorkspaceSimpleExample"/><testcase classname="docs.algorithms/DetermineChunking-v1" name="ExDeterminChuncking"/><testcase classname="docs.algorithms/ChopData-v1" name="Ex"/><testcase classname="docs.algorithms/GetDetectorOffsets-v1" name="default"/><testcase classname="docs.algorithms/QueryMDWorkspace-v1" name="ExQueryMDWorkspace"/><testcase classname="docs.algorithms/SofQW3-v1" name="SofQW3"/><testcase classname="docs.algorithms/Mean-v1" name="default"/><testcase classname="docs.algorithms/SortEvents-v1" name="ExSortByPulseTOF"/><testcase classname="docs.algorithms/SortEvents-v1" name="ExSortByX"/><testcase classname="docs.algorithms/ReplaceSpecialValues-v1" name="replaceSV"/><testcase classname="docs.algorithms/RetrieveRunInfo-v1" name="ExSingleRun"/><testcase classname="docs.algorithms/FixGSASInstrumentFile-v1" name="ExHistSimple"/><testcase classname="docs.algorithms/RenameLog-v1" name="ExRenameLog"/><testcase classname="docs.algorithms/Power-v1" name="default"/><testcase classname="docs.algorithms/NormaliseByPeakArea-v1" name="NormaliseNoSumOutput"/><testcase classname="docs.algorithms/NormaliseByPeakArea-v1" name="NormaliseWithSummedOutput"/><testcase classname="docs.algorithms/CorrectLogTimes-v1" name="CorrectLogTimes"/><testcase classname="docs.algorithms/SaveHKL-v1" name="ExSaveHKLOptions"/><testcase classname="docs.algorithms/SaveHKL-v1" name="ExSaveHKLSimple"/><testcase classname="docs.algorithms/SaveAscii-v2" name="ExSaveASCIIComment"/><testcase classname="docs.algorithms/SaveAscii-v2" name="ExSaveASCIIDelimiter"/><testcase classname="docs.algorithms/SaveAscii-v2" name="ExSaveASCIISimple"/><testcase classname="docs.algorithms/RingProfile-v1" name="ExCircle"/><testcase classname="docs.algorithms/RingProfile-v1" name="ExRing"/><testcase classname="docs.algorithms/SaveDaveGrp-v1" name="Ex"/><testcase classname="docs.algorithms/Pause-v1" name="ExPauseString"/><testcase classname="docs.algorithms/CreateWorkspace-v1" name="default"/><testcase classname="docs.algorithms/PreprocessDetectorsToMD-v1" name="ExPreprocessDetectoresToMD"/><testcase classname="docs.algorithms/SaveILLCosmosAscii-v1" name="ExILLCosmosSimple"/><testcase classname="docs.algorithms/FilterByTime-v1" name="ExFilter"/><testcase classname="docs.algorithms/GenerateEventsFilter-v1" name="Ex"/><testcase classname="docs.algorithms/SaveIsawPeaks-v1" name="default"/><testcase classname="docs.algorithms/ResizeRectangularDetector-v1" name="ExScaleBank1"/><testcase classname="docs.algorithms/LoadPreNexusMonitors-v1" name="ExSimpleLoading"/><testcase classname="docs.algorithms/HFIRSANSNormalise-v1" name="ExNorm"/><testcase classname="docs.algorithms/CreateDummyCalFile-v1" name="ExCreateDummyCalFileSimple"/><testcase classname="docs.algorithms/AverageLogData-v1" name="AverageLogData"/><testcase classname="docs.algorithms/Minus-v1" name="ExMinusAsAlg"/><testcase classname="docs.algorithms/Minus-v1" name="ExMinusAsOpperand"/><testcase classname="docs.algorithms/Minus-v1" name="ExMinusInPlace"/><testcase classname="docs.algorithms/Minus-v1" name="ExMinusWithSingleVal"/><testcase classname="docs.algorithms/SaveSPE-v1" name="ExSPESimple"/><testcase classname="docs.algorithms/CalculateZscore-v1" name="ExHistSimple"/><testcase classname="docs.algorithms/LoadSINQFile-v1" name="ExLoadSINQFilePOLDI"/><testcase classname="docs.algorithms/LoadFullprofResolution-v1" name="ExLoadFullprofResolutionSimple"/><testcase classname="docs.algorithms/PDFFourierTransform-v1" name="ExPDFFouurierTransform"/><testcase classname="docs.algorithms/ConvertFromDistribution-v1" name="ConvertFromDistribution"/><testcase classname="docs.algorithms/CrossCorrelate-v1" name="ExCrossCorrelate"/><testcase classname="docs.algorithms/PoldiMerge-v1" name="ExMergeSilicon"/><testcase classname="docs.algorithms/Rebin-v1" name="ExEventRebin"/><testcase classname="docs.algorithms/Rebin-v1" name="ExHistCustom"/><testcase classname="docs.algorithms/Rebin-v1" name="ExHistFullBinsOnly"/><testcase classname="docs.algorithms/Rebin-v1" name="ExHistLog"/><testcase classname="docs.algorithms/Rebin-v1" name="ExHistSimple"/><testcase classname="docs.algorithms/Regroup-v1" name="default"/><testcase classname="docs.algorithms/ProcessBackground-v1" name="testAddRegion"/><testcase classname="docs.algorithms/ProcessBackground-v1" name="testDelRegion"/><testcase classname="docs.algorithms/ProcessBackground-v1" name="testRmPeaks"/><testcase classname="docs.algorithms/ProcessBackground-v1" name="testSelectBkgd"/><testcase classname="docs.algorithms/ConvertToDistribution-v1" name="ConvertToDistribution"/><testcase classname="docs.algorithms/TransformHKL-v1" name="ExTransformHKL"/><testcase classname="docs.algorithms/ConvolveWorkspaces-v1" name="ExConvolveWorkspaces"/><testcase classname="docs.algorithms/SaveIsawUB-v1" name="SaveIsawUB"/><testcase classname="docs.algorithms/ConjoinSpectra-v1" name="log"/><testcase classname="docs.algorithms/ConjoinSpectra-v1" name="simple_join"/><testcase classname="docs.algorithms/SaveNexus-v1" name="default"/><testcase classname="docs.algorithms/CreateFlatEventWorkspace-v1" name="Extractbackground"/><testcase classname="docs.algorithms/LoadGSASInstrumentFile-v1" name="ExLoadGSASInstrumentFileSimple"/><testcase classname="docs.algorithms/ConvertToDiffractionMDWorkspace-v2" name="ExConvertToDiffractionMDWorkspace"/><testcase classname="docs.algorithms/LoadSPE-v1" name="ExLoadSPE"/><testcase classname="docs.algorithms/SaveCanSAS1D-v1" name="ExSimpleSavingRoundtrip"/><testcase classname="docs.algorithms/SaveCanSAS1D-v2" name="ExSimpleSavingRoundtrip"/><testcase classname="docs.algorithms/MaskAngle-v1" name="MaskAngle"/><testcase classname="docs.algorithms/MuonLoad-v1" name="ExPairAsymmetry"/><testcase classname="docs.algorithms/PoldiAutoCorrelation-v5" name="ExSilicon"/><testcase classname="docs.algorithms/StripVanadiumPeaks-v1" name="ExStripPeak"/><testcase classname="docs.algorithms/StripVanadiumPeaks-v2" name="ExStripPeak"/><testcase classname="docs.algorithms/CompareMDWorkspaces-v1" name="ExCompareMDWorkspaces"/><testcase classname="docs.algorithms/SetGoniometer-v1" name="SetGoniometer"/><testcase classname="docs.algorithms/SortDetectors-v1" name="SortDetectors"/><testcase classname="docs.algorithms/NormaliseToUnity-v1" name="ExNormaliseToUnitySimple"/><testcase classname="docs.algorithms/CreateMDHistoWorkspace-v1" name="exCreateMDHisto"/><testcase classname="docs.algorithms/NormaliseByThickness-v1" name="NormaliseByThicness"/><testcase classname="docs.algorithms/SavePHX-v1" name="exSavePHX"/><testcase classname="docs.algorithms/CreateSampleWorkspace-v1" name="ExEventSimple"/><testcase classname="docs.algorithms/CreateSampleWorkspace-v1" name="ExEveryOption"/><testcase classname="docs.algorithms/CreateSampleWorkspace-v1" name="ExHistPresets"/><testcase classname="docs.algorithms/CreateSampleWorkspace-v1" name="ExHistSimple"/><testcase classname="docs.algorithms/CreateSampleWorkspace-v1" name="ExHistUserFunc"/><testcase classname="docs.algorithms/AddPeak-v1" name="AddPeak"/><testcase classname="docs.algorithms/LoadDetectorInfo-v1" name="exLoadDetectorInfo"/><testcase classname="docs.algorithms/UpdatePeakParameterTableValue-v1" name="ExFloatValue"/><testcase classname="docs.algorithms/EnginXFocus-v1" name="ExSimple"/><testcase classname="docs.algorithms/FindUBUsingFFT-v1" name="ExFindUBUsingFFT"/><testcase classname="docs.algorithms/GetDetOffsetsMultiPeaks-v1" name="default"/></testsuite>